<?xml version="1.0" encoding="UTF-8"?>
<testng-results ignored="0" total="1" passed="1" failed="0" skipped="0">
  <reporter-output>
    <line>
      <![CDATA[test case passed]]>
    </line>
  </reporter-output>
  <suite started-at="2024-07-14T23:49:07 IST" name="Default suite" finished-at="2024-07-14T23:49:29 IST" duration-ms="21261">
    <groups>
    </groups>
    <test started-at="2024-07-14T23:49:07 IST" name="Default test" finished-at="2024-07-14T23:49:29 IST" duration-ms="21261">
      <class name="ecommerce.testCases.TC02">
        <test-method signature="amazonLoginWithValidCredentials()[pri:0, instance:ecommerce.testCases.TC02@5a56cdac]" started-at="2024-07-14T23:49:07 IST" name="amazonLoginWithValidCredentials" finished-at="2024-07-14T23:49:28 IST" duration-ms="20572" status="PASS">
          <reporter-output>
            <line>
              <![CDATA[test case passed]]>
            </line>
          </reporter-output>
        </test-method> <!-- amazonLoginWithValidCredentials -->
      </class> <!-- ecommerce.testCases.TC02 -->
    </test> <!-- Default test -->
  </suite> <!-- Default suite -->
</testng-results>
